This is pdfTeX, Version 3.14159265-2.6-1.40.20 (MiKTeX 2.9.7000 64-bit) (preloaded format=pdflatex 2019.5.19)  2 JUN 2019 00:56
entering extended mode
**./pflichtenheft.tex
(pflichtenheft.tex
LaTeX2e <2018-12-01>
(D:\Mixtec\tex/latex/koma-script\scrartcl.cls
Document Class: scrartcl 2019/02/01 v3.26b KOMA-Script document class (article)

(D:\Mixtec\tex/latex/koma-script\scrkbase.sty
Package: scrkbase 2019/02/01 v3.26b KOMA-Script package (KOMA-Script-dependent 
basics and keyval usage)

(D:\Mixtec\tex/latex/koma-script\scrbase.sty
Package: scrbase 2019/02/01 v3.26b KOMA-Script package (KOMA-Script-independent
 basics and keyval usage)

(D:\Mixtec\tex/latex/graphics\keyval.sty
Package: keyval 2014/10/28 v1.15 key=value parser (DPC)
\KV@toks@=\toks14
)
(D:\Mixtec\tex/latex/koma-script\scrlfile.sty
Package: scrlfile 2019/02/01 v3.26b KOMA-Script package (loading files)
)))
(D:\Mixtec\tex/latex/koma-script\tocbasic.sty
Package: tocbasic 2019/02/01 v3.26b KOMA-Script package (handling toc-files)
\scr@dte@tocline@numberwidth=\skip41
\scr@dte@tocline@numbox=\box27
)
Package tocbasic Info: omitting babel extension for `toc'
(tocbasic)             because of feature `nobabel' available
(tocbasic)             for `toc' on input line 134.
Class scrartcl Info: File `scrsize11pt.clo' used instead of
(scrartcl)           file `scrsize11.clo' to setup font sizes on input line 216
2.

(D:\Mixtec\tex/latex/koma-script\scrsize11pt.clo
File: scrsize11pt.clo 2019/02/01 v3.26b KOMA-Script font size class option (11p
t)
)
(D:\Mixtec\tex/latex/koma-script\typearea.sty
Package: typearea 2019/02/01 v3.26b KOMA-Script package (type area)
\ta@bcor=\skip42
\ta@div=\count80
\ta@hblk=\skip43
\ta@vblk=\skip44
\ta@temp=\skip45
\footheight=\skip46
Package typearea Info: These are the values describing the layout:
(typearea)             DIV  = 10
(typearea)             BCOR = 0.0pt
(typearea)             \paperwidth      = 597.50793pt
(typearea)              \textwidth      = 418.25555pt
(typearea)              DIV departure   = -6%
(typearea)              \evensidemargin = 17.3562pt
(typearea)              \oddsidemargin  = 17.3562pt
(typearea)             \paperheight     = 845.04694pt
(typearea)              \textheight     = 595.80026pt
(typearea)              \topmargin      = -25.16531pt
(typearea)              \headheight     = 17.0pt
(typearea)              \headsep        = 20.40001pt
(typearea)              \topskip        = 11.0pt
(typearea)              \footskip       = 47.6pt
(typearea)              \baselineskip   = 13.6pt
(typearea)              on input line 1715.
)
\c@part=\count81
\c@section=\count82
\c@subsection=\count83
\c@subsubsection=\count84
\c@paragraph=\count85
\c@subparagraph=\count86
\scr@dte@section@maxnumwidth=\skip47
Class scrartcl Info: using compatibility default `runin=bysign'
(scrartcl)           for `\section on input line 4489.
Class scrartcl Info: using compatibility default `afterindent=bysign'
(scrartcl)           for `\section on input line 4489.
\scr@dte@part@maxnumwidth=\skip48
Class scrartcl Info: using compatibility default `afterindent=false'
(scrartcl)           for `\part on input line 4497.
\scr@dte@subsection@maxnumwidth=\skip49
Class scrartcl Info: using compatibility default `runin=bysign'
(scrartcl)           for `\subsection on input line 4507.
Class scrartcl Info: using compatibility default `afterindent=bysign'
(scrartcl)           for `\subsection on input line 4507.
\scr@dte@subsubsection@maxnumwidth=\skip50
Class scrartcl Info: using compatibility default `runin=bysign'
(scrartcl)           for `\subsubsection on input line 4517.
Class scrartcl Info: using compatibility default `afterindent=bysign'
(scrartcl)           for `\subsubsection on input line 4517.
\scr@dte@paragraph@maxnumwidth=\skip51
Class scrartcl Info: using compatibility default `runin=bysign'
(scrartcl)           for `\paragraph on input line 4527.
Class scrartcl Info: using compatibility default `afterindent=bysign'
(scrartcl)           for `\paragraph on input line 4527.
\scr@dte@subparagraph@maxnumwidth=\skip52
Class scrartcl Info: using compatibility default `runin=bysign'
(scrartcl)           for `\subparagraph on input line 4537.
Class scrartcl Info: using compatibility default `afterindent=bysign'
(scrartcl)           for `\subparagraph on input line 4537.
\abovecaptionskip=\skip53
\belowcaptionskip=\skip54
\c@pti@nb@sid@b@x=\box28
Package tocbasic Info: omitting babel extension for `lof'
(tocbasic)             because of feature `nobabel' available
(tocbasic)             for `lof' on input line 5781.
\scr@dte@figure@maxnumwidth=\skip55
\c@figure=\count87
Package tocbasic Info: omitting babel extension for `lot'
(tocbasic)             because of feature `nobabel' available
(tocbasic)             for `lot' on input line 5793.
\scr@dte@table@maxnumwidth=\skip56
\c@table=\count88
Class scrartcl Info: Redefining `\numberline' on input line 5957.
\bibindent=\dimen102
)
(D:\Mixtec\tex/latex/base\inputenc.sty
Package: inputenc 2018/08/11 v1.3c Input encoding file
\inpenc@prehook=\toks15
\inpenc@posthook=\toks16
) (D:\Mixtec\tex/generic/babel\babel.sty
Package: babel 2019/05/04 3.31 The Babel package

(D:\Mixtec\tex/generic/babel\switch.def
File: switch.def 2019/05/04 3.31 Babel switching mechanism
)
*************************************
* Local config file bblopts.cfg used
*
(D:\Mixtec\tex/latex/arabi\bblopts.cfg
File: bblopts.cfg 2005/09/08 v0.1 add Arabic and Farsi to "declared" options of
 babel
)
(D:\Mixtec\tex/latex/babel-german\ngerman.ldf
Language: ngerman 2018/12/08 v2.11 German support for babel (post-1996 orthogra
phy)

(D:\Mixtec\tex/latex/babel-german\ngermanb.ldf
Language: ngermanb 2018/12/08 v2.11 German support for babel (post-1996 orthogr
aphy)

(D:\Mixtec\tex/generic/babel\babel.def
File: babel.def 2019/05/04 3.31 Babel common definitions
\babel@savecnt=\count89
\U@D=\dimen103

(D:\Mixtec\tex/generic/babel\txtbabel.def)
\bbl@dirlevel=\count90
)
Package babel Info: Making " an active character on input line 121.
)))
(D:\Mixtec\tex/latex/enumitem\enumitem.sty
Package: enumitem 2019/02/04 v3.8 Customized lists
\labelindent=\skip57
\enit@outerparindent=\dimen104
\enit@toks=\toks17
\enit@inbox=\box29
\enit@count@id=\count91
\enitdp@description=\count92
)
(D:\Mixtec\tex/latex/graphics\graphicx.sty
Package: graphicx 2017/06/01 v1.1a Enhanced LaTeX Graphics (DPC,SPQR)

(D:\Mixtec\tex/latex/graphics\graphics.sty
Package: graphics 2017/06/25 v1.2c Standard LaTeX Graphics (DPC,SPQR)

(D:\Mixtec\tex/latex/graphics\trig.sty
Package: trig 2016/01/03 v1.10 sin cos tan (DPC)
)
(D:\Mixtec\tex/latex/graphics-cfg\graphics.cfg
File: graphics.cfg 2016/06/04 v1.11 sample graphics configuration
)
Package graphics Info: Driver file: pdftex.def on input line 99.

(D:\Mixtec\tex/latex/graphics-def\pdftex.def
File: pdftex.def 2018/01/08 v1.0l Graphics/color driver for pdftex
))
\Gin@req@height=\dimen105
\Gin@req@width=\dimen106
)
(D:\Mixtec\tex/latex/hyperref\hyperref.sty
Package: hyperref 2018/11/30 v6.88e Hypertext links for LaTeX

(D:\Mixtec\tex/generic/oberdiek\hobsub-hyperref.sty
Package: hobsub-hyperref 2016/05/16 v1.14 Bundle oberdiek, subset hyperref (HO)


(D:\Mixtec\tex/generic/oberdiek\hobsub-generic.sty
Package: hobsub-generic 2016/05/16 v1.14 Bundle oberdiek, subset generic (HO)
Package: hobsub 2016/05/16 v1.14 Construct package bundles (HO)
Package: infwarerr 2016/05/16 v1.4 Providing info/warning/error messages (HO)
Package: ltxcmds 2016/05/16 v1.23 LaTeX kernel commands for general use (HO)
Package: ifluatex 2016/05/16 v1.4 Provides the ifluatex switch (HO)
Package ifluatex Info: LuaTeX not detected.
Package: ifvtex 2016/05/16 v1.6 Detect VTeX and its facilities (HO)
Package ifvtex Info: VTeX not detected.
Package: intcalc 2016/05/16 v1.2 Expandable calculations with integers (HO)
Package: ifpdf 2018/09/07 v3.3 Provides the ifpdf switch
Package: etexcmds 2016/05/16 v1.6 Avoid name clashes with e-TeX commands (HO)
Package: kvsetkeys 2016/05/16 v1.17 Key value parser (HO)
Package: kvdefinekeys 2016/05/16 v1.4 Define keys (HO)
Package: pdftexcmds 2018/09/10 v0.29 Utility functions of pdfTeX for LuaTeX (HO
)
Package pdftexcmds Info: LuaTeX not detected.
Package pdftexcmds Info: \pdf@primitive is available.
Package pdftexcmds Info: \pdf@ifprimitive is available.
Package pdftexcmds Info: \pdfdraftmode found.
Package: pdfescape 2016/05/16 v1.14 Implements pdfTeX's escape features (HO)
Package: bigintcalc 2016/05/16 v1.4 Expandable calculations on big integers (HO
)
Package: bitset 2016/05/16 v1.2 Handle bit-vector datatype (HO)
Package: uniquecounter 2016/05/16 v1.3 Provide unlimited unique counter (HO)
)
Package hobsub Info: Skipping package `hobsub' (already loaded).
Package: letltxmacro 2016/05/16 v1.5 Let assignment for LaTeX macros (HO)
Package: hopatch 2016/05/16 v1.3 Wrapper for package hooks (HO)
Package: xcolor-patch 2016/05/16 xcolor patch
Package: atveryend 2016/05/16 v1.9 Hooks at the very end of document (HO)
Package atveryend Info: \enddocument detected (standard20110627).
Package: atbegshi 2016/06/09 v1.18 At begin shipout hook (HO)
Package: refcount 2016/05/16 v3.5 Data extraction from label references (HO)
Package: hycolor 2016/05/16 v1.8 Color options for hyperref/bookmark (HO)
)
(D:\Mixtec\tex/generic/ifxetex\ifxetex.sty
Package: ifxetex 2010/09/12 v0.6 Provides ifxetex conditional
)
(D:\Mixtec\tex/latex/oberdiek\auxhook.sty
Package: auxhook 2016/05/16 v1.4 Hooks for auxiliary files (HO)
)
(D:\Mixtec\tex/latex/oberdiek\kvoptions.sty
Package: kvoptions 2016/05/16 v3.12 Key value format for package options (HO)
)
\@linkdim=\dimen107
\Hy@linkcounter=\count93
\Hy@pagecounter=\count94

(D:\Mixtec\tex/latex/hyperref\pd1enc.def
File: pd1enc.def 2018/11/30 v6.88e Hyperref: PDFDocEncoding definition (HO)
Now handling font encoding PD1 ...
... no UTF-8 mapping file for font encoding PD1
)
\Hy@SavedSpaceFactor=\count95

(D:\Mixtec\tex/latex/00miktex\hyperref.cfg
File: hyperref.cfg 2002/06/06 v1.2 hyperref configuration of TeXLive
)
Package hyperref Info: Hyper figures OFF on input line 4519.
Package hyperref Info: Link nesting OFF on input line 4524.
Package hyperref Info: Hyper index ON on input line 4527.
Package hyperref Info: Plain pages OFF on input line 4534.
Package hyperref Info: Backreferencing OFF on input line 4539.
Package hyperref Info: Implicit mode ON; LaTeX internals redefined.
Package hyperref Info: Bookmarks ON on input line 4772.
\c@Hy@tempcnt=\count96
 (D:\Mixtec\tex/latex/url\url.sty
\Urlmuskip=\muskip10
Package: url 2013/09/16  ver 3.4  Verb mode for urls, etc.
)
LaTeX Info: Redefining \url on input line 5125.
\XeTeXLinkMargin=\dimen108
\Fld@menulength=\count97
\Field@Width=\dimen109
\Fld@charsize=\dimen110
Package hyperref Info: Hyper figures OFF on input line 6380.
Package hyperref Info: Link nesting OFF on input line 6385.
Package hyperref Info: Hyper index ON on input line 6388.
Package hyperref Info: backreferencing OFF on input line 6395.
Package hyperref Info: Link coloring OFF on input line 6400.
Package hyperref Info: Link coloring with OCG OFF on input line 6405.
Package hyperref Info: PDF/A mode OFF on input line 6410.
LaTeX Info: Redefining \ref on input line 6450.
LaTeX Info: Redefining \pageref on input line 6454.
\Hy@abspage=\count98
\c@Item=\count99
\c@Hfootnote=\count100
)
Package hyperref Info: Driver (autodetected): hpdftex.

(D:\Mixtec\tex/latex/hyperref\hpdftex.def
File: hpdftex.def 2018/11/30 v6.88e Hyperref driver for pdfTeX
\Fld@listcount=\count101
\c@bookmark@seq@number=\count102

(D:\Mixtec\tex/latex/oberdiek\rerunfilecheck.sty
Package: rerunfilecheck 2016/05/16 v1.8 Rerun checks for auxiliary files (HO)
Package uniquecounter Info: New unique counter `rerunfilecheck' on input line 2
82.
)
\Hy@SectionHShift=\skip58
)
(D:\Mixtec\tex/latex/glossaries/base\glossaries.sty
Package: glossaries 2019/01/06 v4.42 (NLCT)

(D:\Mixtec\tex/latex/base\ifthen.sty
Package: ifthen 2014/09/29 v1.1c Standard LaTeX ifthen package (DPC)
) (D:\Mixtec\tex/latex/xkeyval\xkeyval.sty
Package: xkeyval 2014/12/03 v2.7a package option processing (HA)

(D:\Mixtec\tex/generic/xkeyval\xkeyval.tex
(D:\Mixtec\tex/generic/xkeyval\xkvutils.tex
\XKV@toks=\toks18
\XKV@tempa@toks=\toks19
)
\XKV@depth=\count103
File: xkeyval.tex 2014/12/03 v2.7a key=value parser (HA)
))
(D:\Mixtec\tex/latex/mfirstuc\mfirstuc.sty
Package: mfirstuc 2017/11/14 v2.06 (NLCT)

(D:\Mixtec\tex/latex/etoolbox\etoolbox.sty
Package: etoolbox 2018/08/19 v2.5f e-TeX tools for LaTeX (JAW)
\etb@tempcnta=\count104
)
\@glsmfirst=\toks20
\@glsmrest=\toks21
)
(D:\Mixtec\tex/latex/textcase\textcase.sty
Package: textcase 2004/10/07 v0.07 Text only upper/lower case changing (DPC)
) (D:\Mixtec\tex/latex/xfor\xfor.sty
Package: xfor 2009/02/05 v1.05 (NLCT)
) (D:\Mixtec\tex/latex/datatool\datatool-base.sty
Package: datatool-base 2018/12/07 v2.31 (NLCT)

(D:\Mixtec\tex/latex/amsmath\amsmath.sty
Package: amsmath 2018/12/01 v2.17b AMS math features
\@mathmargin=\skip59

For additional information on amsmath, use the `?' option.
(D:\Mixtec\tex/latex/amsmath\amstext.sty
Package: amstext 2000/06/29 v2.01 AMS text

(D:\Mixtec\tex/latex/amsmath\amsgen.sty
File: amsgen.sty 1999/11/30 v2.0 generic functions
\@emptytoks=\toks22
\ex@=\dimen111
))
(D:\Mixtec\tex/latex/amsmath\amsbsy.sty
Package: amsbsy 1999/11/29 v1.2d Bold Symbols
\pmbraise@=\dimen112
)
(D:\Mixtec\tex/latex/amsmath\amsopn.sty
Package: amsopn 2016/03/08 v2.02 operator names
)
\inf@bad=\count105
LaTeX Info: Redefining \frac on input line 223.
\uproot@=\count106
\leftroot@=\count107
LaTeX Info: Redefining \overline on input line 385.
\classnum@=\count108
\DOTSCASE@=\count109
LaTeX Info: Redefining \ldots on input line 482.
LaTeX Info: Redefining \dots on input line 485.
LaTeX Info: Redefining \cdots on input line 606.
\Mathstrutbox@=\box30
\strutbox@=\box31
\big@size=\dimen113
LaTeX Font Info:    Redeclaring font encoding OML on input line 729.
LaTeX Font Info:    Redeclaring font encoding OMS on input line 730.
\macc@depth=\count110
\c@MaxMatrixCols=\count111
\dotsspace@=\muskip11
\c@parentequation=\count112
\dspbrk@lvl=\count113
\tag@help=\toks23
\row@=\count114
\column@=\count115
\maxfields@=\count116
\andhelp@=\toks24
\eqnshift@=\dimen114
\alignsep@=\dimen115
\tagshift@=\dimen116
\tagwidth@=\dimen117
\totwidth@=\dimen118
\lineht@=\dimen119
\@envbody=\toks25
\multlinegap=\skip60
\multlinetaggap=\skip61
\mathdisplay@stack=\toks26
LaTeX Info: Redefining \[ on input line 2844.
LaTeX Info: Redefining \] on input line 2845.
)
(D:\Mixtec\tex/latex/substr\substr.sty
Package: substr 2009/10/20 v1.2 Handle substrings
\c@su@anzahl=\count117
)
(D:\Mixtec\tex/latex/datatool\datatool-fp.sty
Package: datatool-fp 2018/12/07 v2.31 (NLCT)
 (D:\Mixtec\tex/latex/fp\fp.sty
Package: fp 1995/04/02

`Fixed Point Package', Version 0.8, April 2, 1995 (C) Michael Mehlich
(D:\Mixtec\tex/latex/fp\defpattern.sty
Package: defpattern 1994/10/12
\actioncount=\count118
) (D:\Mixtec\tex/latex/fp\fp-basic.sty
Package: fp-basic 1996/05/13
\FP@xs=\count119
\FP@xia=\count120
\FP@xib=\count121
\FP@xfa=\count122
\FP@xfb=\count123
\FP@rega=\count124
\FP@regb=\count125
\FP@regs=\count126
\FP@times=\count127
)
(D:\Mixtec\tex/latex/fp\fp-addons.sty
Package: fp-addons 1995/03/15
) (D:\Mixtec\tex/latex/fp\fp-snap.sty
Package: fp-snap 1995/04/05
)
(D:\Mixtec\tex/latex/fp\fp-exp.sty
Package: fp-exp 1995/04/03
) (D:\Mixtec\tex/latex/fp\fp-trigo.sty
Package: fp-trigo 1995/04/14
)
(D:\Mixtec\tex/latex/fp\fp-pas.sty
Package: fp-pas 1994/08/29
) (D:\Mixtec\tex/latex/fp\fp-random.sty
Package: fp-random 1995/02/23
\FPseed=\count128
)
(D:\Mixtec\tex/latex/fp\fp-eqn.sty
Package: fp-eqn 1995/04/03
) (D:\Mixtec\tex/latex/fp\fp-upn.sty
Package: fp-upn 1996/10/21
)
(D:\Mixtec\tex/latex/fp\fp-eval.sty
Package: fp-eval 1995/04/03
)))
\@dtl@toks=\toks27
\@dtl@tmpcount=\count129
\dtl@tmplength=\skip62
\dtl@sortresult=\count130
\@dtl@numgrpsepcount=\count131
\@dtl@datatype=\count132
\dtl@codeA=\count133
\dtl@codeB=\count134
\@dtl@foreach@level=\count135
)
(D:\Mixtec\tex/latex/glossaries/base\glossaries-compatible-307.sty
Package: glossaries-compatible-307 2019/01/06 v4.42 (NLCT)
)
(D:\Mixtec\tex/latex/tracklang\tracklang.sty
Package: tracklang 2018/05/13 v1.3.6 (NLCT) Track Languages

(D:\Mixtec\tex/generic/tracklang\tracklang.tex))
(D:\Mixtec\tex/latex/translator\translator.sty
Package: translator 2018/01/04 v1.12 Easy translation of strings in LaTeX
)
(D:\Mixtec\tex/latex/glossaries-german\glossaries-german.ldf
File: glossaries-german.ldf 2014/11/23 v1.0
)
\gls@level=\count136
\@gls@tmpb=\toks28
\gls@tmplen=\skip63
\glskeylisttok=\toks29
\glslabeltok=\toks30
\glsshorttok=\toks31
\glslongtok=\toks32

(D:\Mixtec\tex/latex/glossaries/styles\glossary-hypernav.sty
Package: glossary-hypernav 2019/01/06 v4.42 (NLCT)
)
(D:\Mixtec\tex/latex/glossaries/styles\glossary-list.sty
Package: glossary-list 2019/01/06 v4.42 (NLCT)
\glslistdottedwidth=\skip64
)
(D:\Mixtec\tex/latex/glossaries/styles\glossary-long.sty
Package: glossary-long 2019/01/06 v4.42 (NLCT)

(D:\Mixtec\tex/latex/tools\longtable.sty
Package: longtable 2014/10/28 v4.11 Multi-page Table package (DPC)+ FMi change
\LTleft=\skip65
\LTright=\skip66
\LTpre=\skip67
\LTpost=\skip68
\LTchunksize=\count137
\LTcapwidth=\dimen120
\LT@head=\box32
\LT@firsthead=\box33
\LT@foot=\box34
\LT@lastfoot=\box35
\LT@cols=\count138
\LT@rows=\count139
\c@LT@tables=\count140
\c@LT@chunks=\count141
\LT@p@ftn=\toks33
)
Class scrartcl Info: longtable captions redefined on input line 43.
\glsdescwidth=\skip69
\glspagelistwidth=\skip70
)
(D:\Mixtec\tex/latex/glossaries/styles\glossary-super.sty
Package: glossary-super 2019/01/06 v4.42 (NLCT)

(D:\Mixtec\tex/latex/supertabular\supertabular.sty
Package: supertabular 2004/02/20 v4.1e the supertabular environment
\c@tracingst=\count142
\ST@wd=\dimen121
\ST@rightskip=\skip71
\ST@leftskip=\skip72
\ST@parfillskip=\skip73
\ST@pageleft=\dimen122
\ST@headht=\dimen123
\ST@tailht=\dimen124
\ST@pagesofar=\dimen125
\ST@pboxht=\dimen126
\ST@lineht=\dimen127
\ST@stretchht=\dimen128
\ST@prevht=\dimen129
\ST@toadd=\dimen130
\ST@dimen=\dimen131
\ST@pbox=\box36
))
(D:\Mixtec\tex/latex/glossaries/styles\glossary-tree.sty
Package: glossary-tree 2019/01/06 v4.42 (NLCT)
\glstreeindent=\skip74
)) (pflichtenheft.aux)
\openout1 = `pflichtenheft.aux'.

LaTeX Font Info:    Checking defaults for OML/cmm/m/it on input line 197.
LaTeX Font Info:    ... okay on input line 197.
LaTeX Font Info:    Checking defaults for T1/cmr/m/n on input line 197.
LaTeX Font Info:    ... okay on input line 197.
LaTeX Font Info:    Checking defaults for OT1/cmr/m/n on input line 197.
LaTeX Font Info:    ... okay on input line 197.
LaTeX Font Info:    Checking defaults for OMS/cmsy/m/n on input line 197.
LaTeX Font Info:    ... okay on input line 197.
LaTeX Font Info:    Checking defaults for OMX/cmex/m/n on input line 197.
LaTeX Font Info:    ... okay on input line 197.
LaTeX Font Info:    Checking defaults for U/cmr/m/n on input line 197.
LaTeX Font Info:    ... okay on input line 197.
LaTeX Font Info:    Checking defaults for PD1/pdf/m/n on input line 197.
LaTeX Font Info:    ... okay on input line 197.

(D:\Mixtec\tex/context/base/mkii\supp-pdf.mkii
[Loading MPS to PDF converter (version 2006.09.02).]
\scratchcounter=\count143
\scratchdimen=\dimen132
\scratchbox=\box37
\nofMPsegments=\count144
\nofMParguments=\count145
\everyMPshowfont=\toks34
\MPscratchCnt=\count146
\MPscratchDim=\dimen133
\MPnumerator=\count147
\makeMPintoPDFobject=\count148
\everyMPtoPDFconversion=\toks35
) (D:\Mixtec\tex/latex/oberdiek\epstopdf-base.sty
Package: epstopdf-base 2016/05/15 v2.6 Base part for package epstopdf

(D:\Mixtec\tex/latex/oberdiek\grfext.sty
Package: grfext 2016/05/16 v1.2 Manage graphics extensions (HO)
)
Package epstopdf-base Info: Redefining graphics rule for `.eps' on input line 4
38.
Package grfext Info: Graphics extension search list:
(grfext)             [.pdf,.png,.jpg,.mps,.jpeg,.jbig2,.jb2,.PDF,.PNG,.JPG,.JPE
G,.JBIG2,.JB2,.eps]
(grfext)             \AppendGraphicsExtensions on input line 456.
)
\AtBeginShipoutBox=\box38
Package hyperref Info: Link coloring OFF on input line 197.

(D:\Mixtec\tex/latex/hyperref\nameref.sty
Package: nameref 2016/05/21 v2.44 Cross-referencing by name of section

(D:\Mixtec\tex/generic/oberdiek\gettitlestring.sty
Package: gettitlestring 2016/05/16 v1.5 Cleanup title references (HO)
)
\c@section@level=\count149
)
LaTeX Info: Redefining \ref on input line 197.
LaTeX Info: Redefining \pageref on input line 197.
LaTeX Info: Redefining \nameref on input line 197.
 (pflichtenheft.out)
(pflichtenheft.out)
\@outlinefile=\write3
\openout3 = `pflichtenheft.out'.

Class scrartcl Info: loading recommended package `bookmark'.
(scrartcl)           Using `bookmark' together with `hyperref' is recommended,
(scrartcl)           because of handling of possible bookmark level gaps.
(scrartcl)           You can avoid loading `bookmark' with KOMA-Script option
(scrartcl)           `bookmarkpackage=false' before \begin{document} and
(scrartcl)           you can avoid this message with `\usepackage{bookmark}'
(scrartcl)           before \begin{document} on input line 197.
 (D:\Mixtec\tex/latex/oberdiek\bookmark.sty
Package: bookmark 2016/05/17 v1.26 PDF bookmarks (HO)

(D:\Mixtec\tex/latex/oberdiek\bkm-pdftex.def
File: bkm-pdftex.def 2016/05/17 v1.26 bookmark driver for pdfTeX (HO)
Package auxhook Info: \AddLineBeginMainAux comes a little late,
(auxhook)             because the main .aux file is already opened on input lin
e 164.
\BKM@id=\count150
)) [1


{C:/Users/Daivd/AppData/Local/MiKTeX/2.9/pdftex/config/pdftex.map}] (pflichtenh
eft.toc [2

])
\tf@toc=\write4
\openout4 = `pflichtenheft.toc'.

 [3] [4

]
Overfull \hbox (1.43533pt too wide) in paragraph at lines 231--232
[]\OT1/cmr/m/n/10.95 Das pro-jek-tier-te Soft-wa-re-pro-dukt soll die Sch[]uler
 da-bei un-terst[]utzen, die g[]angigen Schrit-
 []

[5

]
\c@MussKrit=\count151
\c@SollKrit=\count152
\c@WunschKrit=\count153
LaTeX Font Info:    Try loading font information for OMS+cmr on input line 270.

 (D:\Mixtec\tex/latex/base\omscmr.fd
File: omscmr.fd 2014/09/29 v2.5h Standard LaTeX font definitions
)
LaTeX Font Info:    Font shape `OMS/cmr/m/n' in size <10.95> not available
(Font)              Font shape `OMS/cmsy/m/n' tried instead on input line 270.

Overfull \hbox (0.87125pt too wide) in paragraph at lines 271--272
[]\OT1/cmr/m/n/10.95 Der Be-nut-zer soll einen Bau-stein zur Mess-kon-fi-gu-ra-
ti-on hin-zuf[]ugen k[]onnen,
 []

[6]
Overfull \hbox (11.60832pt too wide) in paragraph at lines 281--282
[]\OT1/cmr/m/n/10.95 Der Be-nut-zer soll einen Bau-stein aus der Mess-kon-fi-gu
-ra-ti-on ent-fer-nen k[]onnen. 
 []

[7]
Overfull \hbox (5.05612pt too wide) in paragraph at lines 381--382
\OT1/cmr/m/n/10.95 Analog/Digital-Wandler, so-wie be-reits spe-zia-li-sier-te S
en-sor-bau-stei-ne, bei-spiels-
 []

[8] [9]
Overfull \hbox (13.05281pt too wide) in paragraph at lines 502--503
\OT1/cmr/m/n/10.95 spre-chend kei-ne Ein-verst[]andniserkl[]arung der Nut-zer g
em[]a eu-rop[]aischer [][]\OT1/cmr/m/it/10.95 Datenschutz-
 []

[10] [11

] [12

] [13

] [14] [15]
Overfull \hbox (15.76042pt too wide) in paragraph at lines 650--651
[]\OT1/cmr/m/n/10.95 Die An-wen-dung soll-te dem Be-nut-zer ei-ne aus-sa-ge-kr[
]aftige Feh-ler-mel-dung zur[]uckgeben,
 []

[16] [17] [18

]
Overfull \hbox (5.2085pt too wide) in paragraph at lines 722--736
[][] 
 []

[19

] [20] [21]
Overfull \hbox (1.2213pt too wide) in paragraph at lines 789--790
[]\OT1/cmr/m/n/10.95 Unerwartete [][]Mess-da-ten[] (z.B. au-er-halb ei-nes ein
-ge-stell-ten Wer-te-be-reichs) f[]uhren
 []

[22]
<Grafik/T010-Ablauf.png, id=477, 306.24413pt x 180.675pt>
File: Grafik/T010-Ablauf.png Graphic file (type png)
<use Grafik/T010-Ablauf.png>
Package pdftex.def Info: Grafik/T010-Ablauf.png  used on input line 819.
(pdftex.def)             Requested size: 284.52756pt x 167.87437pt.
 [23

 <./Grafik/T010-Ablauf.png>]
<Grafik/T020-Ablauf.png, id=493, 302.17894pt x 177.0615pt>
File: Grafik/T020-Ablauf.png Graphic file (type png)
<use Grafik/T020-Ablauf.png>
Package pdftex.def Info: Grafik/T020-Ablauf.png  used on input line 843.
(pdftex.def)             Requested size: 284.52756pt x 166.72958pt.
 [24 <./Grafik/T020-Ablauf.png>]
Overfull \hbox (11.01663pt too wide) in paragraph at lines 857--858
\OT1/cmr/m/n/10.95 ner Da-tei ben[]otigt, pro-blem-los oh-ne an-ge-schlos-se-ne
m [][]Raspber-ry Pi[] durchf[]uhren. 
 []

<Grafik/T030-Ablauf.png, id=506, 415.5525pt x 180.675pt>
File: Grafik/T030-Ablauf.png Graphic file (type png)
<use Grafik/T030-Ablauf.png>
Package pdftex.def Info: Grafik/T030-Ablauf.png  used on input line 868.
(pdftex.def)             Requested size: 369.88582pt x 160.82504pt.
[25 <./Grafik/T030-Ablauf.png>]
<Grafik/T040-Ablauf.png, id=523, 415.5525pt x 180.675pt>
File: Grafik/T040-Ablauf.png Graphic file (type png)
<use Grafik/T040-Ablauf.png>
Package pdftex.def Info: Grafik/T040-Ablauf.png  used on input line 895.
(pdftex.def)             Requested size: 369.88582pt x 160.82504pt.
 [26]
<Grafik/T050-Ablauf.png, id=535, 415.5525pt x 191.06381pt>
File: Grafik/T050-Ablauf.png Graphic file (type png)
<use Grafik/T050-Ablauf.png>
Package pdftex.def Info: Grafik/T050-Ablauf.png  used on input line 921.
(pdftex.def)             Requested size: 369.88582pt x 170.07248pt.
 [27 <./Grafik/T040-Ablauf.png>]
<Grafik/T200-Ablauf.png, id=549, 209.13132pt x 162.6075pt>
File: Grafik/T200-Ablauf.png Graphic file (type png)
<use Grafik/T200-Ablauf.png>
Package pdftex.def Info: Grafik/T200-Ablauf.png  used on input line 952.
(pdftex.def)             Requested size: 199.16928pt x 154.86578pt.
 [28 <./Grafik/T050-Ablauf.png>]
<Grafik/T210-Ablauf.png, id=559, 298.11375pt x 180.675pt>
File: Grafik/T210-Ablauf.png Graphic file (type png)
<use Grafik/T210-Ablauf.png>
Package pdftex.def Info: Grafik/T210-Ablauf.png  used on input line 976.
(pdftex.def)             Requested size: 284.52756pt x 172.45078pt.
 [29 <./Grafik/T200-Ablauf.png>]
Overfull \hbox (9.48415pt too wide) in paragraph at lines 991--992
[]\OT1/cmr/bx/n/10.95 Ergebnis: \OT1/cmr/m/n/10.95 Die An-wen-dung kann beim St
ar-ten zwi-schen g[]ultigen und ung[]ultigen
 []

<Grafik/T220-Ablauf.png, id=569, 307.1475pt x 180.675pt>
File: Grafik/T220-Ablauf.png Graphic file (type png)
<use Grafik/T220-Ablauf.png>
Package pdftex.def Info: Grafik/T220-Ablauf.png  used on input line 1000.
(pdftex.def)             Requested size: 284.52756pt x 167.38089pt.
[30 <./Grafik/T210-Ablauf.png>] [31 <./Grafik/T220-Ablauf.png>] [32

]
<Grafik/UseCaseDiagram.png, id=604, 516.9714pt x 705.1143pt>
File: Grafik/UseCaseDiagram.png Graphic file (type png)
<use Grafik/UseCaseDiagram.png>
Package pdftex.def Info: Grafik/UseCaseDiagram.png  used on input line 1056.
(pdftex.def)             Requested size: 341.43306pt x 465.68889pt.


LaTeX Warning: `h' float specifier changed to `ht'.

[33] [34 <./Grafik/UseCaseDiagram.png>] [35

]
<Grafik/DeploymentDiagram.png, id=636, 523.9575pt x 538.4115pt>
File: Grafik/DeploymentDiagram.png Graphic file (type png)
<use Grafik/DeploymentDiagram.png>
Package pdftex.def Info: Grafik/DeploymentDiagram.png  used on input line 1097.

(pdftex.def)             Requested size: 341.43306pt x 350.85881pt.


LaTeX Warning: `h' float specifier changed to `ht'.

<Grafik/ClassDiagramForCommunication.png, id=637, 374.1177pt x 324.7332pt>
File: Grafik/ClassDiagramForCommunication.png Graphic file (type png)
<use Grafik/ClassDiagramForCommunication.png>
Package pdftex.def Info: Grafik/ClassDiagramForCommunication.png  used on input
 line 1105.
(pdftex.def)             Requested size: 341.43306pt x 296.37976pt.

LaTeX Warning: `h' float specifier changed to `ht'.

[36] [37 <./Grafik/DeploymentDiagram.png>] [38 <./Grafik/ClassDiagramForCommuni
cation.png>]
<Grafik/Konkreter-Anwendungsfall.png, id=657, 819.06pt x 1568.86125pt>
File: Grafik/Konkreter-Anwendungsfall.png Graphic file (type png)
<use Grafik/Konkreter-Anwendungsfall.png>
Package pdftex.def Info: Grafik/Konkreter-Anwendungsfall.png  used on input lin
e 1131.
(pdftex.def)             Requested size: 312.9803pt x 599.50098pt.


LaTeX Warning: Float too large for page by 43.38075pt on input line 1135.

[39

] [40 <./Grafik/Konkreter-Anwendungsfall.png>]
<Grafik/PhyPiDAQ.png, id=675, 140.525pt x 140.525pt>
File: Grafik/PhyPiDAQ.png Graphic file (type png)
<use Grafik/PhyPiDAQ.png>
Package pdftex.def Info: Grafik/PhyPiDAQ.png  used on input line 1156.
(pdftex.def)             Requested size: 28.45274pt x 28.45186pt.
<Grafik/Maximieren.png, id=676, 32.12pt x 32.12pt>
File: Grafik/Maximieren.png Graphic file (type png)
<use Grafik/Maximieren.png>
Package pdftex.def Info: Grafik/Maximieren.png  used on input line 1157.
(pdftex.def)             Requested size: 28.45274pt x 28.45338pt.
<Grafik/Minimieren.png, id=677, 32.12pt x 32.12pt>
File: Grafik/Minimieren.png Graphic file (type png)
<use Grafik/Minimieren.png>
Package pdftex.def Info: Grafik/Minimieren.png  used on input line 1158.
(pdftex.def)             Requested size: 28.45274pt x 28.45338pt.
<Grafik/Schliessen.png, id=678, 32.12pt x 32.12pt>
File: Grafik/Schliessen.png Graphic file (type png)
<use Grafik/Schliessen.png>
Package pdftex.def Info: Grafik/Schliessen.png  used on input line 1159.
(pdftex.def)             Requested size: 28.45274pt x 28.45338pt.
<Grafik/Datei.png, id=679, 107.40125pt x 106.3975pt>
File: Grafik/Datei.png Graphic file (type png)
<use Grafik/Datei.png>
Package pdftex.def Info: Grafik/Datei.png  used on input line 1167.
(pdftex.def)             Requested size: 28.45274pt x 28.18546pt.
<Grafik/Bearbeiten.png, id=680, 173.64874pt x 172.645pt>
File: Grafik/Bearbeiten.png Graphic file (type png)
<use Grafik/Bearbeiten.png>
Package pdftex.def Info: Grafik/Bearbeiten.png  used on input line 1176.
(pdftex.def)             Requested size: 28.45274pt x 28.28761pt.

Underfull \hbox (badness 1303) in paragraph at lines 1180--1181
[]\OT1/cmr/m/n/10.95 Das An-pas-sen ei-nes aus-gew[]ahlten Ele-ments. Die-
 []

[41 <./Grafik/PhyPiDAQ.png> <./Grafik/Maximieren.png> <./Grafik/Minimieren.png>
 <./Grafik/Schliessen.png> <./Grafik/Datei.png>]
<Grafik/Sensor.png, id=691, 142.5325pt x 141.52875pt>
File: Grafik/Sensor.png Graphic file (type png)
<use Grafik/Sensor.png>
Package pdftex.def Info: Grafik/Sensor.png  used on input line 1185.
(pdftex.def)             Requested size: 28.45274pt x 28.25125pt.
<Grafik/Verbindung.png, id=694, 210.7875pt x 210.7875pt>
File: Grafik/Verbindung.png Graphic file (type png)
<use Grafik/Verbindung.png>
Package pdftex.def Info: Grafik/Verbindung.png  used on input line 1189.
(pdftex.def)             Requested size: 28.45274pt x 28.45186pt.
<Grafik/Darstellung.png, id=698, 173.64874pt x 172.645pt>
File: Grafik/Darstellung.png Graphic file (type png)
<use Grafik/Darstellung.png>
Package pdftex.def Info: Grafik/Darstellung.png  used on input line 1190.
(pdftex.def)             Requested size: 28.45274pt x 28.28761pt.
<Grafik/Optionen.png, id=701, 156.585pt x 155.58125pt>
File: Grafik/Optionen.png Graphic file (type png)
<use Grafik/Optionen.png>
Package pdftex.def Info: Grafik/Optionen.png  used on input line 1194.
(pdftex.def)             Requested size: 28.45274pt x 28.26929pt.
<Grafik/Hilfe.png, id=702, 107.40125pt x 106.3975pt>
File: Grafik/Hilfe.png Graphic file (type png)
<use Grafik/Hilfe.png>
Package pdftex.def Info: Grafik/Hilfe.png  used on input line 1199.
(pdftex.def)             Requested size: 28.45274pt x 28.18546pt.
 [42 <./Grafik/Bearbeiten.png> <./Grafik/Sensor.png> <./Grafik/Verbindung.png> 
<./Grafik/Darstellung.png> <./Grafik/Optionen.png> <./Grafik/Hilfe.png>]
<Grafik/Information.png, id=713, 46.1725pt x 33.12375pt>
File: Grafik/Information.png Graphic file (type png)
<use Grafik/Information.png>
Package pdftex.def Info: Grafik/Information.png  used on input line 1209.
(pdftex.def)             Requested size: 28.45274pt x 20.41165pt.
<Grafik/Sensorelement.png, id=714, 99.37125pt x 100.375pt>
File: Grafik/Sensorelement.png Graphic file (type png)
<use Grafik/Sensorelement.png>
Package pdftex.def Info: Grafik/Sensorelement.png  used on input line 1210.
(pdftex.def)             Requested size: 28.45274pt x 28.74042pt.
<Grafik/Eingabe-Sensor.png, id=716, 72.27pt x 56.21pt>
File: Grafik/Eingabe-Sensor.png Graphic file (type png)
<use Grafik/Eingabe-Sensor.png>
Package pdftex.def Info: Grafik/Eingabe-Sensor.png  used on input line 1211.
(pdftex.def)             Requested size: 28.45274pt x 22.12936pt.
<Grafik/Ausgabe-Sensor.png, id=717, 72.27pt x 56.21pt>
File: Grafik/Ausgabe-Sensor.png Graphic file (type png)
<use Grafik/Ausgabe-Sensor.png>
Package pdftex.def Info: Grafik/Ausgabe-Sensor.png  used on input line 1212.
(pdftex.def)             Requested size: 28.45274pt x 22.12936pt.
<Grafik/Kanal.png, id=718, 98.3675pt x 66.2475pt>
File: Grafik/Kanal.png Graphic file (type png)
<use Grafik/Kanal.png>
Package pdftex.def Info: Grafik/Kanal.png  used on input line 1213.
(pdftex.def)             Requested size: 28.45274pt x 19.16174pt.
<Grafik/Verbindungselement.png, id=719, 246.9225pt x 173.64874pt>
File: Grafik/Verbindungselement.png Graphic file (type png)
<use Grafik/Verbindungselement.png>
Package pdftex.def Info: Grafik/Verbindungselement.png  used on input line 1214
.
(pdftex.def)             Requested size: 28.45274pt x 20.0076pt.

Underfull \hbox (badness 5622) in paragraph at lines 1214--1215
[]\OT1/cmr/m/n/10.95 Repr[]asentation ei-ner [][]Trans-for-ma-ti-on[]. Je-dem E
in-gang
 []

<Grafik/Eingabe-Verbindung.png, id=721, 72.27pt x 56.21pt>
File: Grafik/Eingabe-Verbindung.png Graphic file (type png)
<use Grafik/Eingabe-Verbindung.png>
Package pdftex.def Info: Grafik/Eingabe-Verbindung.png  used on input line 1215
.
(pdftex.def)             Requested size: 28.45274pt x 22.12936pt.

Underfull \hbox (badness 5771) in paragraph at lines 1215--1216
[]\OT1/cmr/m/n/10.95 Die Ein-ga-be ei-ner Trans-for-ma-ti-on. Die An-zahl der
 []

<Grafik/Ausgabe-Transformation.png, id=722, 72.27pt x 56.21pt>
File: Grafik/Ausgabe-Transformation.png Graphic file (type png)
<use Grafik/Ausgabe-Transformation.png>
Package pdftex.def Info: Grafik/Ausgabe-Transformation.png  used on input line 
1216.
(pdftex.def)             Requested size: 28.45274pt x 22.12936pt.

Underfull \hbox (badness 4981) in paragraph at lines 1216--1216
[]\OT1/cmr/m/n/10.95 Die Aus-ga-be ei-ner Trans-for-ma-ti-on. Die An-zahl der
 []

<Grafik/Verbindungspfeil.png, id=723, 128.48pt x 16.06pt>
File: Grafik/Verbindungspfeil.png Graphic file (type png)
<use Grafik/Verbindungspfeil.png>
Package pdftex.def Info: Grafik/Verbindungspfeil.png  used on input line 1218.
(pdftex.def)             Requested size: 28.45274pt x 3.55649pt.
<Grafik/Darstellungsfenster.png, id=724, 609.27625pt x 467.7475pt>
File: Grafik/Darstellungsfenster.png Graphic file (type png)
<use Grafik/Darstellungsfenster.png>
Package pdftex.def Info: Grafik/Darstellungsfenster.png  used on input line 121
9.
(pdftex.def)             Requested size: 28.45274pt x 21.83995pt.
[43 <./Grafik/Information.png> <./Grafik/Sensorelement.png> <./Grafik/Eingabe-S
ensor.png> <./Grafik/Ausgabe-Sensor.png> <./Grafik/Kanal.png> <./Grafik/Verbind
ungselement.png> <./Grafik/Eingabe-Verbindung.png> <./Grafik/Ausgabe-Transforma
tion.png> <./Grafik/Verbindungspfeil.png> <./Grafik/Darstellungsfenster.png>]
<Grafik/Startbildschirm.png, id=742, 1927.2pt x 1084.05pt>
File: Grafik/Startbildschirm.png Graphic file (type png)
<use Grafik/Startbildschirm.png>
Package pdftex.def Info: Grafik/Startbildschirm.png  used on input line 1231.
(pdftex.def)             Requested size: 256.0748pt x 144.0412pt.
<Grafik/Fehlerfenster.png, id=745, 904.37875pt x 459.7175pt>
File: Grafik/Fehlerfenster.png Graphic file (type png)
<use Grafik/Fehlerfenster.png>
Package pdftex.def Info: Grafik/Fehlerfenster.png  used on input line 1245.
(pdftex.def)             Requested size: 256.0748pt x 130.16504pt.

[44

 <./Grafik/Startbildschirm.png> <./Grafik/Fehlerfenster.png>] [45

] [46]
Using TeX to sort glossary entries---this may take a while

Overfull \hbox (24.38269pt too wide) in paragraph at lines 1296--1296
[]\OT1/cmr/m/n/10.95 Die Ja-va Vir-tu-al Ma-chi-ne (JVM) ist ei-ne Platt-form f
[]ur die Ausf[]uhrung
 []


Overfull \hbox (16.34265pt too wide) in paragraph at lines 1296--1296
[]\OT1/cmr/m/n/10.95 Daten, wel-che die An-wen-dung von ei-nem Sen-sor ([]uber 
PhyPiDAQ-Schnittstelle)
 []

[47

]
Overfull \hbox (10.25667pt too wide) in paragraph at lines 1296--1296
[]\OT1/cmr/m/n/10.95 Open-Source-Lehrsoftware-Labor, sie-he []$\OT1/cmtt/m/n/10
.95 https : / / formal . iti . kit . edu / projects /
 []

[48]
Overfull \hbox (0.56055pt too wide) in paragraph at lines 1296--1296
\OT1/cmr/m/n/10.95 rit[]at. Falls ein Soll-kri-te-ri-um um-ge-setzt wer-den kan
n, dann muss es nach M[]oglichkeit
 []

Package atveryend Info: Empty hook `BeforeClearDocument' on input line 1299.
[49]
Package atveryend Info: Empty hook `AfterLastShipout' on input line 1299.
 (pflichtenheft.aux)
Package atveryend Info: Executing hook `AtVeryEndDocument' on input line 1299.
Package atveryend Info: Executing hook `AtEndAfterFileList' on input line 1299.

Package rerunfilecheck Info: File `pflichtenheft.out' has not changed.
(rerunfilecheck)             Checksum: D41D8CD98F00B204E9800998ECF8427E;0.
Package atveryend Info: Empty hook `AtVeryVeryEnd' on input line 1299.
 ) 
Here is how much of TeX's memory you used:
 16400 strings out of 492895
 280409 string characters out of 3141863
 542326 words of memory out of 3000000
 19791 multiletter control sequences out of 15000+200000
 13204 words of font info for 48 fonts, out of 3000000 for 9000
 1141 hyphenation exceptions out of 8191
 115i,12n,129p,9094b,633s stack positions out of 5000i,500n,10000p,200000b,50000s
<D:/Mixtec/fonts/type1/public/amsfonts/cm/cmbx10.pfb><D:/Mixtec/fonts/type1/p
ublic/amsfonts/cm/cmbx12.pfb><D:/Mixtec/fonts/type1/public/amsfonts/cm/cmr10.pf
b><D:/Mixtec/fonts/type1/public/amsfonts/cm/cmr12.pfb><D:/Mixtec/fonts/type1/pu
blic/amsfonts/cm/cmr6.pfb><D:/Mixtec/fonts/type1/public/amsfonts/cm/cmr8.pfb><D
:/Mixtec/fonts/type1/public/amsfonts/cm/cmr9.pfb><D:/Mixtec/fonts/type1/public/
amsfonts/cm/cmssbx10.pfb><D:/Mixtec/fonts/type1/public/amsfonts/cm/cmsy10.pfb><
D:/Mixtec/fonts/type1/public/amsfonts/cm/cmti10.pfb><D:/Mixtec/fonts/type1/publ
ic/amsfonts/cm/cmti8.pfb><D:/Mixtec/fonts/type1/public/amsfonts/cm/cmtt10.pfb><
D:/Mixtec/fonts/type1/public/amsfonts/cm/cmtt9.pfb>
Output written on pflichtenheft.pdf (49 pages, 1070770 bytes).
PDF statistics:
 1080 PDF objects out of 1200 (max. 8388607)
 268 named destinations out of 1000 (max. 500000)
 688 words of extra memory for PDF output out of 10000 (max. 10000000)

